Wed, 01 Nov 2017 20:35:33 stats.py[line:204] INFO DDNS detect.
Wed, 01 Nov 2017 20:35:34 stats.py[line:206] INFO Report generation.
Wed, 01 Nov 2017 20:35:34 stats.py[line:208] INFO 		distinct_tags_active_number [28029]
Wed, 01 Nov 2017 20:35:34 stats.py[line:208] INFO 		distinct_domain_number [81602]
Wed, 01 Nov 2017 20:35:34 stats.py[line:208] INFO 		timestamp [2017-11-01 20:35:33]
Wed, 01 Nov 2017 20:35:34 stats.py[line:208] INFO 		distinct_tags_blocked_number [175]
Wed, 01 Nov 2017 20:35:34 stats.py[line:208] INFO 		distinct_tags_sinkhole_number [57]
Wed, 01 Nov 2017 20:35:34 stats.py[line:208] INFO 		window_increment [81602]
Wed, 01 Nov 2017 20:35:34 stats.py[line:208] INFO 		domain_number [81602]
Wed, 01 Nov 2017 20:35:34 stats.py[line:208] INFO 		distinct_domain_daily_increment [81602]
Wed, 01 Nov 2017 20:35:34 stats.py[line:208] INFO 		domain_daily_increment [81602]
Wed, 01 Nov 2017 20:35:34 stats.py[line:208] INFO 		_id [59f9bf96c3c0ec0e8361e92a]
Wed, 01 Nov 2017 20:35:34 stats.py[line:208] INFO 		distinct_window_increment [81602]
Wed, 01 Nov 2017 20:35:34 stats.py[line:208] INFO 		distinct_tags_inactive_number [53560]
Wed, 01 Nov 2017 20:35:34 stats.py[line:210] INFO Export to Excel:"report.xls".
Thu, 02 Nov 2017 20:36:35 stats.py[line:204] INFO DDNS detect.
Thu, 02 Nov 2017 20:36:37 stats.py[line:206] INFO Report generation.
Thu, 02 Nov 2017 20:36:37 stats.py[line:208] INFO 		distinct_tags_active_number [28077]
Thu, 02 Nov 2017 20:36:37 stats.py[line:208] INFO 		distinct_domain_number [81602]
Thu, 02 Nov 2017 20:36:37 stats.py[line:208] INFO 		timestamp [2017-11-02 20:36:35]
Thu, 02 Nov 2017 20:36:37 stats.py[line:208] INFO 		distinct_tags_blocked_number [185]
Thu, 02 Nov 2017 20:36:37 stats.py[line:208] INFO 		distinct_tags_sinkhole_number [57]
Thu, 02 Nov 2017 20:36:37 stats.py[line:208] INFO 		window_increment [163204]
Thu, 02 Nov 2017 20:36:37 stats.py[line:208] INFO 		domain_number [163204]
Thu, 02 Nov 2017 20:36:37 stats.py[line:208] INFO 		distinct_domain_daily_increment [81602]
Thu, 02 Nov 2017 20:36:37 stats.py[line:208] INFO 		domain_daily_increment [81602]
Thu, 02 Nov 2017 20:36:37 stats.py[line:208] INFO 		_id [59fb1155c3c0ec0e8361e92b]
Thu, 02 Nov 2017 20:36:37 stats.py[line:208] INFO 		distinct_window_increment [81602]
Thu, 02 Nov 2017 20:36:37 stats.py[line:208] INFO 		distinct_tags_inactive_number [53668]
Thu, 02 Nov 2017 20:36:37 stats.py[line:210] INFO Export to Excel:"report.xls".
